# JRE version: OpenJDK Runtime Environment JBR-11.0.10.9-1341.41-dcevm (11.0.10+9) (build 11.0.10+9-b1341.41)
# Java VM: Dynamic Code Evolution 64-Bit Server VM JBR-11.0.10.9-1341.41-dcevm (11.0.10+9-b1341.41, mixed mode, tiered, compressed oops, concurrent mark sweep gc, windows-amd64)
Heap:
 par new generation   total 39296K, used 8673K [0x0000000080000000, 0x0000000082aa0000, 0x00000000aaaa0000)
  eden space 34944K,  12% used [0x0000000080000000, 0x00000000804384a8, 0x0000000082220000)
  from space 4352K, 100% used [0x0000000082660000, 0x0000000082aa0000, 0x0000000082aa0000)
  to   space 4352K,   0% used [0x0000000082220000, 0x0000000082220000, 0x0000000082660000)
 concurrent mark-sweep generation total 87424K, used 50659K [0x00000000aaaa0000, 0x00000000b0000000, 0x0000000100000000)
 Metaspace       used 70311K, capacity 72730K, committed 72972K, reserved 1114112K
  class space    used 7616K, capacity 8586K, committed 8648K, reserved 1048576K
GC Heap History (10 events):
Event: 42.452 GC heap before
{Heap before GC invocations=0 (full 0):
 par new generation   total 39296K, used 34944K [0x0000000080000000, 0x0000000082aa0000, 0x00000000aaaa0000)
  eden space 34944K, 100% used [0x0000000080000000, 0x0000000082220000, 0x0000000082220000)
  from space 4352K,   0% used [0x0000000082220000, 0x0000000082220000, 0x0000000082660000)
  to   space 4352K,   0% used [0x0000000082660000, 0x0000000082660000, 0x0000000082aa0000)
 concurrent mark-sweep generation total 87424K, used 0K [0x00000000aaaa0000, 0x00000000b0000000, 0x0000000100000000)
 Metaspace       used 19807K, capacity 20607K, committed 20864K, reserved 1067008K
  class space    used 2073K, capacity 2411K, committed 2432K, reserved 1048576K
}
Event: 42.497 GC heap after
{Heap after GC invocations=1 (full 0):
 par new generation   total 39296K, used 4350K [0x0000000080000000, 0x0000000082aa0000, 0x00000000aaaa0000)
  eden space 34944K,   0% used [0x0000000080000000, 0x0000000080000000, 0x0000000082220000)
  from space 4352K,  99% used [0x0000000082660000, 0x0000000082a9fa48, 0x0000000082aa0000)
  to   space 4352K,   0% used [0x0000000082220000, 0x0000000082220000, 0x0000000082660000)
 concurrent mark-sweep generation total 87424K, used 11955K [0x00000000aaaa0000, 0x00000000b0000000, 0x0000000100000000)
 Metaspace       used 19807K, capacity 20607K, committed 20864K, reserved 1067008K
  class space    used 2073K, capacity 2411K, committed 2432K, reserved 1048576K
}
Event: 53.610 GC heap before
{Heap before GC invocations=1 (full 1):
 par new generation   total 39296K, used 39294K [0x0000000080000000, 0x0000000082aa0000, 0x00000000aaaa0000)
  eden space 34944K, 100% used [0x0000000080000000, 0x0000000082220000, 0x0000000082220000)
  from space 4352K,  99% used [0x0000000082660000, 0x0000000082a9fa48, 0x0000000082aa0000)
  to   space 4352K,   0% used [0x0000000082220000, 0x0000000082220000, 0x0000000082660000)
 concurrent mark-sweep generation total 87424K, used 11878K [0x00000000aaaa0000, 0x00000000b0000000, 0x0000000100000000)
 Metaspace       used 26966K, capacity 27767K, committed 27944K, reserved 1075200K
  class space    used 2814K, capacity 3154K, committed 3224K, reserved 1048576K
}
Event: 53.629 GC heap after
{Heap after GC invocations=2 (full 1):
 par new generation   total 39296K, used 4352K [0x0000000080000000, 0x0000000082aa0000, 0x00000000aaaa0000)
  eden space 34944K,   0% used [0x0000000080000000, 0x0000000080000000, 0x0000000082220000)
  from space 4352K, 100% used [0x0000000082220000, 0x0000000082660000, 0x0000000082660000)
  to   space 4352K,   0% used [0x0000000082660000, 0x0000000082660000, 0x0000000082aa0000)
 concurrent mark-sweep generation total 87424K, used 25462K [0x00000000aaaa0000, 0x00000000b0000000, 0x0000000100000000)
 Metaspace       used 26966K, capacity 27767K, committed 27944K, reserved 1075200K
  class space    used 2814K, capacity 3154K, committed 3224K, reserved 1048576K
}
Event: 74.455 GC heap before
{Heap before GC invocations=2 (full 2):
 par new generation   total 39296K, used 39296K [0x0000000080000000, 0x0000000082aa0000, 0x00000000aaaa0000)
  eden space 34944K, 100% used [0x0000000080000000, 0x0000000082220000, 0x0000000082220000)
  from space 4352K, 100% used [0x0000000082220000, 0x0000000082660000, 0x0000000082660000)
  to   space 4352K,   0% used [0x0000000082660000, 0x0000000082660000, 0x0000000082aa0000)
 concurrent mark-sweep generation total 87424K, used 25462K [0x00000000aaaa0000, 0x00000000b0000000, 0x0000000100000000)
 Metaspace       used 47292K, capacity 48643K, committed 49016K, reserved 1093632K
  class space    used 4893K, capacity 5397K, committed 5500K, reserved 1048576K
}
Event: 74.467 GC heap after
{Heap after GC invocations=3 (full 2):
 par new generation   total 39296K, used 4352K [0x0000000080000000, 0x0000000082aa0000, 0x00000000aaaa0000)
  eden space 34944K,   0% used [0x0000000080000000, 0x0000000080000000, 0x0000000082220000)
  from space 4352K, 100% used [0x0000000082660000, 0x0000000082aa0000, 0x0000000082aa0000)
  to   space 4352K,   0% used [0x0000000082220000, 0x0000000082220000, 0x0000000082660000)
 concurrent mark-sweep generation total 87424K, used 34583K [0x00000000aaaa0000, 0x00000000b0000000, 0x0000000100000000)
 Metaspace       used 47292K, capacity 48643K, committed 49016K, reserved 1093632K
  class space    used 4893K, capacity 5397K, committed 5500K, reserved 1048576K
}
Event: 82.786 GC heap before
{Heap before GC invocations=3 (full 2):
 par new generation   total 39296K, used 39296K [0x0000000080000000, 0x0000000082aa0000, 0x00000000aaaa0000)
  eden space 34944K, 100% used [0x0000000080000000, 0x0000000082220000, 0x0000000082220000)
  from space 4352K, 100% used [0x0000000082660000, 0x0000000082aa0000, 0x0000000082aa0000)
  to   space 4352K,   0% used [0x0000000082220000, 0x0000000082220000, 0x0000000082660000)
 concurrent mark-sweep generation total 87424K, used 34498K [0x00000000aaaa0000, 0x00000000b0000000, 0x0000000100000000)
 Metaspace       used 57604K, capacity 59322K, committed 59660K, reserved 1101824K
  class space    used 6074K, capacity 6732K, committed 6856K, reserved 1048576K
}
Event: 82.801 GC heap after
{Heap after GC invocations=4 (full 2):
 par new generation   total 39296K, used 4352K [0x0000000080000000, 0x0000000082aa0000, 0x00000000aaaa0000)
  eden space 34944K,   0% used [0x0000000080000000, 0x0000000080000000, 0x0000000082220000)
  from space 4352K, 100% used [0x0000000082220000, 0x0000000082660000, 0x0000000082660000)
  to   space 4352K,   0% used [0x0000000082660000, 0x0000000082660000, 0x0000000082aa0000)
 concurrent mark-sweep generation total 87424K, used 43161K [0x00000000aaaa0000, 0x00000000b0000000, 0x0000000100000000)
 Metaspace       used 57604K, capacity 59322K, committed 59660K, reserved 1101824K
  class space    used 6074K, capacity 6732K, committed 6856K, reserved 1048576K
}
Event: 96.931 GC heap before
{Heap before GC invocations=4 (full 2):
 par new generation   total 39296K, used 39296K [0x0000000080000000, 0x0000000082aa0000, 0x00000000aaaa0000)
  eden space 34944K, 100% used [0x0000000080000000, 0x0000000082220000, 0x0000000082220000)
  from space 4352K, 100% used [0x0000000082220000, 0x0000000082660000, 0x0000000082660000)
  to   space 4352K,   0% used [0x0000000082660000, 0x0000000082660000, 0x0000000082aa0000)
 concurrent mark-sweep generation total 87424K, used 43161K [0x00000000aaaa0000, 0x00000000b0000000, 0x0000000100000000)
 Metaspace       used 70041K, capacity 72359K, committed 72588K, reserved 1114112K
  class space    used 7583K, capacity 8417K, committed 8520K, reserved 1048576K
}
Event: 96.942 GC heap after
{Heap after GC invocations=5 (full 2):
 par new generation   total 39296K, used 4352K [0x0000000080000000, 0x0000000082aa0000, 0x00000000aaaa0000)
  eden space 34944K,   0% used [0x0000000080000000, 0x0000000080000000, 0x0000000082220000)
  from space 4352K, 100% used [0x0000000082660000, 0x0000000082aa0000, 0x0000000082aa0000)
  to   space 4352K,   0% used [0x0000000082220000, 0x0000000082220000, 0x0000000082660000)
 concurrent mark-sweep generation total 87424K, used 50659K [0x00000000aaaa0000, 0x00000000b0000000, 0x0000000100000000)
 Metaspace       used 70041K, capacity 72359K, committed 72588K, reserved 1114112K
  class space    used 7583K, capacity 8417K, committed 8520K, reserved 1048576K
}

