<?xml version="1.0" encoding="UTF-8"?>
<robot generator="Robot 4.0.1 (Python 3.9.4 on win32)" generated="20210425 01:34:20.454" rpa="false" schemaversion="2">
<suite id="s1" name="Inputbox" source="C:\Users\Hemanth Venugopal\PycharmProjects\pythonProject\TestCases\inputbox.robot">
<test id="s1-t1" name="TestingInputBox">
<kw name="Open Browser" library="SeleniumLibrary">
<arg>${url}</arg>
<arg>${browser}</arg>
<doc>Opens a new browser instance to the optional ``url``.</doc>
<msg timestamp="20210425 01:34:20.682" level="INFO">Opening browser 'chrome' to base url 'https://google.com'.</msg>
<status status="PASS" starttime="20210425 01:34:20.682" endtime="20210425 01:34:24.454"/>
</kw>
<kw name="Maximize Browser Window" library="SeleniumLibrary">
<doc>Maximizes current browser window.</doc>
<status status="PASS" starttime="20210425 01:34:24.454" endtime="20210425 01:34:24.582"/>
</kw>
<kw name="Close Browser" library="SeleniumLibrary">
<doc>Closes the current browser.</doc>
<status status="PASS" starttime="20210425 01:34:24.582" endtime="20210425 01:34:26.678"/>
</kw>
<status status="PASS" starttime="20210425 01:34:20.681" endtime="20210425 01:34:26.678"/>
</test>
<status status="PASS" starttime="20210425 01:34:20.454" endtime="20210425 01:34:26.679"/>
</suite>
<statistics>
<total>
<stat pass="1" fail="0" skip="0">All Tests</stat>
</total>
<tag>
</tag>
<suite>
<stat pass="1" fail="0" skip="0" id="s1" name="Inputbox">Inputbox</stat>
</suite>
</statistics>
<errors>
</errors>
</robot>
